[INFO] Scanning for projects...
[INFO] ------------------------------------------------------------------------
[INFO] Reactor Build Order:
[INFO] 
[INFO] vibe-server                                                        [pom]
[INFO] module-common                                                      [jar]
[INFO] module-resource                                                    [jar]
[INFO] 
[INFO] ------------------------< com.vibe:vibe-server >------------------------
[INFO] Building vibe-server 1.0.0-SNAPSHOT                                [1/3]
[INFO]   from pom.xml
[INFO] --------------------------------[ pom ]---------------------------------
[INFO] 
[INFO] -----------------------< com.vibe:module-common >-----------------------
[INFO] Building module-common 1.0.0-SNAPSHOT                              [2/3]
[INFO]   from module-common\pom.xml
[INFO] --------------------------------[ jar ]---------------------------------
[INFO] 
[INFO] --- resources:3.3.1:resources (default-resources) @ module-common ---
[INFO] Copying 0 resource from src\main\resources to target\classes
[INFO] Copying 1 resource from src\main\resources to target\classes
[INFO] 
[INFO] --- compiler:3.11.0:compile (default-compile) @ module-common ---
[INFO] Changes detected - recompiling the module! :input tree
[INFO] Compiling 30 source files with javac [debug release 17] to target\classes
[INFO] 
[INFO] ----------------------< com.vibe:module-resource >----------------------
[INFO] Building module-resource 1.0.0-SNAPSHOT                            [3/3]
[INFO]   from module-resource\pom.xml
[INFO] --------------------------------[ jar ]---------------------------------
[INFO] 
[INFO] --- resources:3.3.1:resources (default-resources) @ module-resource ---
[INFO] Copying 0 resource from src\main\resources to target\classes
[INFO] Copying 8 resources from src\main\resources to target\classes
[INFO] 
[INFO] --- compiler:3.11.0:compile (default-compile) @ module-resource ---
[INFO] Changes detected - recompiling the module! :dependency
[INFO] Compiling 68 source files with javac [debug release 17] to target\classes
[INFO] -------------------------------------------------------------
[ERROR] COMPILATION ERROR : 
[INFO] -------------------------------------------------------------
[ERROR] /D:/łŁčæÈíŒț/AICoding/Trae/workspace/ServiceDeliver/vibe-server/module-resource/src/main/java/com/vibe/resource/service/impl/TaskDispatchServiceImpl.java:[212,67] ŐÒČ»”œ·ûșĆ
  ·ûșĆ:   ·œ·š getNewEngineId()
  Î»ÖĂ: ÀàĐÍÎȘcom.vibe.resource.dto.TaskReassignDTO”Ä±äÁż dto
[INFO] 1 error
[INFO] -------------------------------------------------------------
[INFO] ------------------------------------------------------------------------
[INFO] Reactor Summary for vibe-server 1.0.0-SNAPSHOT:
[INFO] 
[INFO] vibe-server ........................................ SUCCESS [  0.002 s]
[INFO] module-common ...................................... SUCCESS [  5.965 s]
[INFO] module-resource .................................... FAILURE [  3.199 s]
[INFO] ------------------------------------------------------------------------
[INFO] BUILD FAILURE
[INFO] ------------------------------------------------------------------------
[INFO] Total time:  9.619 s
[INFO] Finished at: 2026-07-03T03:33:29+08:00
[INFO] ------------------------------------------------------------------------
[ERROR] Failed to execute goal org.apache.maven.plugins:maven-compiler-plugin:3.11.0:compile (default-compile) on project module-resource: Compilation failure
[ERROR] /D:/łŁčæÈíŒț/AICoding/Trae/workspace/ServiceDeliver/vibe-server/module-resource/src/main/java/com/vibe/resource/service/impl/TaskDispatchServiceImpl.java:[212,67] ŐÒČ»”œ·ûșĆ
[ERROR]   ·ûșĆ:   ·œ·š getNewEngineId()
[ERROR]   Î»ÖĂ: ÀàĐÍÎȘcom.vibe.resource.dto.TaskReassignDTO”Ä±äÁż dto
[ERROR] -> [Help 1]
[ERROR] 
[ERROR] To see the full stack trace of the errors, re-run Maven with the -e switch.
[ERROR] Re-run Maven using the -X switch to enable full debug logging.
[ERROR] 
[ERROR] For more information about the errors and possible solutions, please read the following articles:
[ERROR] [Help 1] http://cwiki.apache.org/confluence/display/MAVEN/MojoFailureException
[ERROR] 
[ERROR] After correcting the problems, you can resume the build with the command
[ERROR]   mvn <args> -rf :module-resource
