[INFO] Scanning for projects...
[INFO] ------------------------------------------------------------------------
[INFO] Reactor Build Order:
[INFO] 
[INFO] vibe-server                                                        [pom]
[INFO] module-common                                                      [jar]
[INFO] module-resource                                                    [jar]
[INFO] 
[INFO] ------------------------< com.vibe:vibe-server >------------------------
[INFO] Building vibe-server 1.0.0-SNAPSHOT                                [1/3]
[INFO]   from pom.xml
[INFO] --------------------------------[ pom ]---------------------------------
[INFO] 
[INFO] -----------------------< com.vibe:module-common >-----------------------
[INFO] Building module-common 1.0.0-SNAPSHOT                              [2/3]
[INFO]   from module-common\pom.xml
[INFO] --------------------------------[ jar ]---------------------------------
[INFO] 
[INFO] --- resources:3.3.1:resources (default-resources) @ module-common ---
[INFO] Copying 0 resource from src\main\resources to target\classes
[INFO] Copying 1 resource from src\main\resources to target\classes
[INFO] 
[INFO] --- compiler:3.11.0:compile (default-compile) @ module-common ---
[INFO] Changes detected - recompiling the module! :input tree
[INFO] Compiling 30 source files with javac [debug release 17] to target\classes
[INFO] ------------------------------------------------------------------------
[INFO] Reactor Summary for vibe-server 1.0.0-SNAPSHOT:
[INFO] 
[INFO] vibe-server ........................................ SUCCESS [  0.003 s]
[INFO] module-common ...................................... FAILURE [  2.569 s]
[INFO] module-resource .................................... SKIPPED
[INFO] ------------------------------------------------------------------------
[INFO] BUILD FAILURE
[INFO] ------------------------------------------------------------------------
[INFO] Total time:  2.971 s
[INFO] Finished at: 2026-07-03T03:01:16+08:00
[INFO] ------------------------------------------------------------------------
[ERROR] Failed to execute goal org.apache.maven.plugins:maven-compiler-plugin:3.11.0:compile (default-compile) on project module-common: Fatal error compiling: ´íÎó: ˛»Ö§łÖ·˘ĐĐ°ć±ľ 17 -> [Help 1]
[ERROR] 
[ERROR] To see the full stack trace of the errors, re-run Maven with the -e switch.
[ERROR] Re-run Maven using the -X switch to enable full debug logging.
[ERROR] 
[ERROR] For more information about the errors and possible solutions, please read the following articles:
[ERROR] [Help 1] http://cwiki.apache.org/confluence/display/MAVEN/MojoExecutionException
[ERROR] 
[ERROR] After correcting the problems, you can resume the build with the command
[ERROR]   mvn <args> -rf :module-common
