[INFO] Scanning for projects...
[INFO] ------------------------------------------------------------------------
[INFO] Reactor Build Order:
[INFO] 
[INFO] vibe-server                                                        [pom]
[INFO] module-common                                                      [jar]
[INFO] module-agent                                                       [jar]
[INFO] 
[INFO] ------------------------< com.vibe:vibe-server >------------------------
[INFO] Building vibe-server 1.0.0-SNAPSHOT                                [1/3]
[INFO]   from pom.xml
[INFO] --------------------------------[ pom ]---------------------------------
[INFO] 
[INFO] -----------------------< com.vibe:module-common >-----------------------
[INFO] Building module-common 1.0.0-SNAPSHOT                              [2/3]
[INFO]   from module-common\pom.xml
[INFO] --------------------------------[ jar ]---------------------------------
[INFO] 
[INFO] --- resources:3.3.1:resources (default-resources) @ module-common ---
[INFO] Copying 0 resource from src\main\resources to target\classes
[INFO] Copying 1 resource from src\main\resources to target\classes
[INFO] 
[INFO] --- compiler:3.11.0:compile (default-compile) @ module-common ---
[INFO] Changes detected - recompiling the module! :source
[INFO] Compiling 30 source files with javac [debug release 17] to target\classes
[INFO] 
[INFO] -----------------------< com.vibe:module-agent >------------------------
[INFO] Building module-agent 1.0.0-SNAPSHOT                               [3/3]
[INFO]   from module-agent\pom.xml
[INFO] --------------------------------[ jar ]---------------------------------
[INFO] 
[INFO] --- resources:3.3.1:resources (default-resources) @ module-agent ---
[INFO] Copying 0 resource from src\main\resources to target\classes
[INFO] Copying 7 resources from src\main\resources to target\classes
[INFO] 
[INFO] --- compiler:3.11.0:compile (default-compile) @ module-agent ---
[INFO] Changes detected - recompiling the module! :dependency
[INFO] Compiling 66 source files with javac [debug release 17] to target\classes
[INFO] ------------------------------------------------------------------------
[INFO] Reactor Summary for vibe-server 1.0.0-SNAPSHOT:
[INFO] 
[INFO] vibe-server ........................................ SUCCESS [  0.003 s]
[INFO] module-common ...................................... SUCCESS [  6.298 s]
[INFO] module-agent ....................................... SUCCESS [  4.105 s]
[INFO] ------------------------------------------------------------------------
[INFO] BUILD SUCCESS
[INFO] ------------------------------------------------------------------------
[INFO] Total time:  10.790 s
[INFO] Finished at: 2026-07-03T03:00:10+08:00
[INFO] ------------------------------------------------------------------------
